<?xml version="1.0" encoding="UTF-8"?>
<!-- Generated by org.testng.reporters.JUnitReportReporter -->
<testsuite hostname="DESKTOP-HHFN245" failures="0" tests="5" name="runners.TestAllRunners" time="0.471" errors="0" timestamp="2022-11-03T18:10:03 IST" skipped="0">
  <testcase classname="runners.TestAllRunners" name="runScenario" time="0.032"/>
  <system-out/>
  <testcase classname="runners.TestAllRunners" name="runScenario" time="0.022"/>
  <system-out/>
  <testcase classname="runners.TestAllRunners" name="runScenario" time="0.027"/>
  <system-out/>
  <testcase classname="runners.TestAllRunners" name="runScenario" time="0.367"/>
  <system-out/>
  <testcase classname="runners.TestAllRunners" name="runScenario" time="0.023"/>
  <system-out/>
</testsuite> <!-- runners.TestAllRunners -->
